<?xml version="1.0" encoding="UTF-8"?>
<!-- Generated by org.testng.reporters.JUnitXMLReporter -->
<testsuite hostname="LAPTOP-BO04174L" name="ChromeTest" tests="12" failures="0" timestamp="12 Apr 2021 16:28:59 GMT" time="0.107" errors="0">
  <testcase name="@BeforeMethod beforeMethod" time="0.0" classname="tests.TestSearchFilter">
    <failure type="java.lang.IllegalStateException" message="The driver executable does not exist: C:\Users\shiva\eclipse-workspace\PracticeRepo\.\src\test\resources\drivers\chromedriver_2.27.exe">
      <![CDATA[java.lang.IllegalStateException: The driver executable does not exist: C:\Users\shiva\eclipse-workspace\PracticeRepo\.\src\test\resources\drivers\chromedriver_2.27.exe
	at com.google.common.base.Preconditions.checkState(Preconditions.java:199)
	at org.openqa.selenium.remote.service.DriverService.checkExecutable(DriverService.java:121)
	at org.openqa.selenium.remote.service.DriverService.findExecutable(DriverService.java:116)
	at org.openqa.selenium.chrome.ChromeDriverService.access$000(ChromeDriverService.java:32)
	at org.openqa.selenium.chrome.ChromeDriverService$Builder.findDefaultExecutable(ChromeDriverService.java:137)
	at org.openqa.selenium.remote.service.DriverService$Builder.build(DriverService.java:296)
	at org.openqa.selenium.chrome.ChromeDriverService.createDefaultService(ChromeDriverService.java:88)
	at org.openqa.selenium.chrome.ChromeDriver.<init>(ChromeDriver.java:120)
	at tests.TestSearchFilter.beforeMethod(TestSearchFilter.java:35)
... Removed 26 stack frames]]>
    </failure>
  </testcase> <!-- @BeforeMethod beforeMethod -->
  <testcase name="@AfterMethod afterMethod" time="0.0" classname="tests.TestSearchFilter">
    <skipped/>
  </testcase> <!-- @AfterMethod afterMethod -->
  <testcase name="@BeforeMethod beforeMethod" time="0.0" classname="tests.TestSearchFilter">
    <skipped/>
  </testcase> <!-- @BeforeMethod beforeMethod -->
  <testcase name="@AfterMethod afterMethod" time="0.0" classname="tests.TestSearchFilter">
    <skipped/>
  </testcase> <!-- @AfterMethod afterMethod -->
  <testcase name="@BeforeMethod beforeMethod" time="0.0" classname="tests.TestSearchFilter">
    <skipped/>
  </testcase> <!-- @BeforeMethod beforeMethod -->
  <testcase name="@AfterMethod afterMethod" time="0.0" classname="tests.TestSearchFilter">
    <skipped/>
  </testcase> <!-- @AfterMethod afterMethod -->
  <testcase name="@BeforeMethod beforeMethod" time="0.0" classname="tests.TestSearchFilter">
    <skipped/>
  </testcase> <!-- @BeforeMethod beforeMethod -->
  <testcase name="@AfterMethod afterMethod" time="0.0" classname="tests.TestSearchFilter">
    <skipped/>
  </testcase> <!-- @AfterMethod afterMethod -->
  <testcase name="@BeforeMethod beforeMethod" time="0.0" classname="tests.TestSearchFilter">
    <skipped/>
  </testcase> <!-- @BeforeMethod beforeMethod -->
  <testcase name="@AfterMethod afterMethod" time="0.0" classname="tests.TestSearchFilter">
    <skipped/>
  </testcase> <!-- @AfterMethod afterMethod -->
  <testcase name="@BeforeMethod beforeMethod" time="0.0" classname="tests.TestSearchFilter">
    <skipped/>
  </testcase> <!-- @BeforeMethod beforeMethod -->
  <testcase name="@AfterMethod afterMethod" time="0.0" classname="tests.TestSearchFilter">
    <skipped/>
  </testcase> <!-- @AfterMethod afterMethod -->
  <testcase name="@BeforeMethod beforeMethod" time="0.0" classname="tests.TestSearchFilter">
    <skipped/>
  </testcase> <!-- @BeforeMethod beforeMethod -->
  <testcase name="@AfterMethod afterMethod" time="0.0" classname="tests.TestSearchFilter">
    <skipped/>
  </testcase> <!-- @AfterMethod afterMethod -->
  <testcase name="@BeforeMethod beforeMethod" time="0.0" classname="tests.TestSearchFilter">
    <skipped/>
  </testcase> <!-- @BeforeMethod beforeMethod -->
  <testcase name="@AfterMethod afterMethod" time="0.0" classname="tests.TestSearchFilter">
    <skipped/>
  </testcase> <!-- @AfterMethod afterMethod -->
  <testcase name="@BeforeMethod beforeMethod" time="0.0" classname="tests.TestSearchFilter">
    <skipped/>
  </testcase> <!-- @BeforeMethod beforeMethod -->
  <testcase name="@AfterMethod afterMethod" time="0.0" classname="tests.TestSearchFilter">
    <skipped/>
  </testcase> <!-- @AfterMethod afterMethod -->
  <testcase name="@BeforeMethod beforeMethod" time="0.0" classname="tests.TestSearchFilter">
    <skipped/>
  </testcase> <!-- @BeforeMethod beforeMethod -->
  <testcase name="@AfterMethod afterMethod" time="0.0" classname="tests.TestSearchFilter">
    <skipped/>
  </testcase> <!-- @AfterMethod afterMethod -->
  <testcase name="@BeforeMethod beforeMethod" time="0.0" classname="tests.TestSearchFilter">
    <skipped/>
  </testcase> <!-- @BeforeMethod beforeMethod -->
  <testcase name="@AfterMethod afterMethod" time="0.0" classname="tests.TestSearchFilter">
    <skipped/>
  </testcase> <!-- @AfterMethod afterMethod -->
  <testcase name="@BeforeMethod beforeMethod" time="0.0" classname="tests.TestSearchFilter">
    <skipped/>
  </testcase> <!-- @BeforeMethod beforeMethod -->
  <testcase name="@AfterMethod afterMethod" time="0.0" classname="tests.TestSearchFilter">
    <skipped/>
  </testcase> <!-- @AfterMethod afterMethod -->
  <testcase name="TestSearchByAccountAndExpenditurePayee" time="0.002" classname="tests.TestSearchFilter">
    <skipped/>
  </testcase> <!-- TestSearchByAccountAndExpenditurePayee -->
  <testcase name="TestSearchByAccountAndExpenditurePayee" time="0.002" classname="tests.TestSearchFilter">
    <skipped/>
  </testcase> <!-- TestSearchByAccountAndExpenditurePayee -->
  <testcase name="TestSearchByAccountAndExpenditurePayee" time="0.002" classname="tests.TestSearchFilter">
    <skipped/>
  </testcase> <!-- TestSearchByAccountAndExpenditurePayee -->
  <testcase name="TestSearchByAccountAndExpenditurePayee" time="0.001" classname="tests.TestSearchFilter">
    <skipped/>
  </testcase> <!-- TestSearchByAccountAndExpenditurePayee -->
  <testcase name="TestSearchByAccountAndExpenditurePayee" time="0.001" classname="tests.TestSearchFilter">
    <skipped/>
  </testcase> <!-- TestSearchByAccountAndExpenditurePayee -->
  <testcase name="TestSearchByAccountAndExpenditurePayee" time="0.001" classname="tests.TestSearchFilter">
    <skipped/>
  </testcase> <!-- TestSearchByAccountAndExpenditurePayee -->
  <testcase name="TestSearchByPayee" time="0.002" classname="tests.TestSearchFilter">
    <skipped/>
  </testcase> <!-- TestSearchByPayee -->
  <testcase name="TestSearchByPayee" time="0.003" classname="tests.TestSearchFilter">
    <skipped/>
  </testcase> <!-- TestSearchByPayee -->
  <testcase name="TestSearchByPayee" time="0.001" classname="tests.TestSearchFilter">
    <skipped/>
  </testcase> <!-- TestSearchByPayee -->
  <testcase name="TestSearchByPayee" time="0.001" classname="tests.TestSearchFilter">
    <skipped/>
  </testcase> <!-- TestSearchByPayee -->
  <testcase name="TestSearchByPayee" time="0.001" classname="tests.TestSearchFilter">
    <skipped/>
  </testcase> <!-- TestSearchByPayee -->
  <testcase name="TestSearchByPayee" time="0.001" classname="tests.TestSearchFilter">
    <skipped/>
  </testcase> <!-- TestSearchByPayee -->
</testsuite> <!-- ChromeTest -->
